<?xml version="1.0" encoding="UTF-8"?>
<testsuite xmlns:xsi="http://www.w3.org/2001/XMLSchema-instance" xsi:noNamespaceSchemaLocation="https://maven.apache.org/surefire/maven-surefire-plugin/xsd/surefire-test-report.xsd" name="ma.mini_projet_hotel.ChambreTest" time="0.009" tests="7" errors="0" skipped="0" failures="0">
  <properties>
    <property name="sun.desktop" value="windows"/>
    <property name="awt.toolkit" value="sun.awt.windows.WToolkit"/>
    <property name="java.specification.version" value="11"/>
    <property name="sun.cpu.isalist" value="amd64"/>
    <property name="sonar.login" value="d3dc5772f7140d177aeacee526bcec14b680720e"/>
    <property name="sonar.host.url" value="http://localhost:9000"/>
    <property name="sun.jnu.encoding" value="Cp1252"/>
    <property name="java.class.path" value="E:\Ingenierie\4emeAnnee\S2\Usine Logiciel\7_Mini-Projet\mini-projet-hotel\target\test-classes;E:\Ingenierie\4emeAnnee\S2\Usine Logiciel\7_Mini-Projet\mini-projet-hotel\target\classes;C:\Users\OH\.m2\repository\junit\junit\4.11\junit-4.11.jar;C:\Users\OH\.m2\repository\org\hamcrest\hamcrest-core\1.3\hamcrest-core-1.3.jar;"/>
    <property name="java.vm.vendor" value="Oracle Corporation"/>
    <property name="sun.arch.data.model" value="64"/>
    <property name="user.variant" value=""/>
    <property name="java.vendor.url" value="https://openjdk.java.net/"/>
    <property name="user.timezone" value="GMT+01:00"/>
    <property name="java.vm.specification.version" value="11"/>
    <property name="os.name" value="Windows 10"/>
    <property name="sun.java.launcher" value="SUN_STANDARD"/>
    <property name="user.country" value="US"/>
    <property name="sun.boot.library.path" value="C:\Program Files\Java\jdk-11.0.11\bin"/>
    <property name="sun.java.command" value="C:\Users\OH\AppData\Local\Temp\surefire4129602201453537737\surefirebooter10485297527919927908.jar C:\Users\OH\AppData\Local\Temp\surefire4129602201453537737 2022-05-23T16-54-37_018-jvmRun1 surefire5730382340328450840tmp surefire_0689669558584584505tmp"/>
    <property name="jdk.debug" value="release"/>
    <property name="surefire.test.class.path" value="E:\Ingenierie\4emeAnnee\S2\Usine Logiciel\7_Mini-Projet\mini-projet-hotel\target\test-classes;E:\Ingenierie\4emeAnnee\S2\Usine Logiciel\7_Mini-Projet\mini-projet-hotel\target\classes;C:\Users\OH\.m2\repository\junit\junit\4.11\junit-4.11.jar;C:\Users\OH\.m2\repository\org\hamcrest\hamcrest-core\1.3\hamcrest-core-1.3.jar;"/>
    <property name="sun.cpu.endian" value="little"/>
    <property name="user.home" value="C:\Users\OH"/>
    <property name="user.language" value="en"/>
    <property name="java.specification.vendor" value="Oracle Corporation"/>
    <property name="java.version.date" value="2021-04-20"/>
    <property name="java.home" value="C:\Program Files\Java\jdk-11.0.11"/>
    <property name="file.separator" value="\"/>
    <property name="basedir" value="E:\Ingenierie\4emeAnnee\S2\Usine Logiciel\7_Mini-Projet\mini-projet-hotel"/>
    <property name="java.vm.compressedOopsMode" value="32-bit"/>
    <property name="line.separator" value="&#10;"/>
    <property name="java.specification.name" value="Java Platform API Specification"/>
    <property name="java.vm.specification.vendor" value="Oracle Corporation"/>
    <property name="java.awt.graphicsenv" value="sun.awt.Win32GraphicsEnvironment"/>
    <property name="surefire.real.class.path" value="C:\Users\OH\AppData\Local\Temp\surefire4129602201453537737\surefirebooter10485297527919927908.jar"/>
    <property name="user.script" value=""/>
    <property name="sun.management.compiler" value="HotSpot 64-Bit Tiered Compilers"/>
    <property name="java.runtime.version" value="11.0.11+9-LTS-194"/>
    <property name="user.name" value="OH"/>
    <property name="path.separator" value=";"/>
    <property name="os.version" value="10.0"/>
    <property name="java.runtime.name" value="Java(TM) SE Runtime Environment"/>
    <property name="file.encoding" value="Cp1252"/>
    <property name="java.vm.name" value="Java HotSpot(TM) 64-Bit Server VM"/>
    <property name="java.vendor.version" value="18.9"/>
    <property name="localRepository" value="C:\Users\OH\.m2\repository"/>
    <property name="java.vendor.url.bug" value="https://bugreport.java.com/bugreport/"/>
    <property name="java.io.tmpdir" value="C:\Users\OH\AppData\Local\Temp\"/>
    <property name="java.version" value="11.0.11"/>
    <property name="user.dir" value="E:\Ingenierie\4emeAnnee\S2\Usine Logiciel\7_Mini-Projet\mini-projet-hotel"/>
    <property name="os.arch" value="amd64"/>
    <property name="java.vm.specification.name" value="Java Virtual Machine Specification"/>
    <property name="java.awt.printerjob" value="sun.awt.windows.WPrinterJob"/>
    <property name="sun.os.patch.level" value=""/>
    <property name="sonar.projectKey" value="miniProjetHotel"/>
    <property name="java.library.path" value="C:\Program Files\Java\jdk-11.0.11\bin;C:\Windows\Sun\Java\bin;C:\Windows\system32;C:\Windows;C:\oraclexe\app\oracle\product\11.2.0\server\bin;C:\Program Files\Python\Python39\Scripts\;C:\Program Files\Python\Python39\;C:\Windows\system32;C:\Windows;C:\Windows\System32\Wbem;C:\Windows\System32\WindowsPowerShell\v1.0\;C:\Windows\System32\OpenSSH\;C:\Program Files\Microsoft SQL Server\120\DTS\Binn\;C:\Program Files\Microsoft SQL Server\Client SDK\ODBC\110\Tools\Binn\;C:\Program Files (x86)\Microsoft SQL Server\120\Tools\Binn\;C:\Program Files\Microsoft SQL Server\120\Tools\Binn\;C:\Program Files (x86)\Microsoft SQL Server\120\Tools\Binn\ManagementStudio\;C:\Program Files (x86)\Microsoft SQL Server\120\DTS\Binn\;C:\Program Files\dotnet\;C:\Program Files\Microsoft SQL Server\130\Tools\Binn\;C:\Program Files\Microsoft SQL Server\Client SDK\ODBC\170\Tools\Binn\;C:\wamp64\bin\php\php8.1.1;C:\ProgramData\ComposerSetup\bin;C:\Program Files\Git\cmd;C:\Program Files (x86)\dotnet\;C:\Program Files\nodejs\;C:\Program Files\Symfony;C:\Program Files\swipl\bin;C:\Program Files\Java\jdk-11.0.11\bin;C:\Program Files (x86)\Bitvise SSH Client;C:\Users\OH\AppData\Local\Android\Sdk\platform-tools;C:\Program Files\PuTTY\;C:\maven\apache-maven-3.8.5\bin;C:\Program Files\Docker\Docker\resources\bin;C:\ProgramData\DockerDesktop\version-bin;C:\Users\OH\AppData\Local\Microsoft\WindowsApps;C:\Users\OH\AppData\Roaming\Composer\vendor\bin;C:\Users\OH\AppData\Local\Programs\Microsoft VS Code\bin;C:\Program Files\JetBrains\PhpStorm 2021.3.2\bin;;C:\Program Files\JetBrains\IntelliJ IDEA 2020.2.3\bin;;C:\Users\OH\AppData\Roaming\npm;C:\Program Files\JetBrains\WebStorm 2021.3.2\bin;;."/>
    <property name="java.vendor" value="Oracle Corporation"/>
    <property name="java.vm.info" value="mixed mode"/>
    <property name="java.vm.version" value="11.0.11+9-LTS-194"/>
    <property name="sun.io.unicode.encoding" value="UnicodeLittle"/>
    <property name="java.class.version" value="55.0"/>
  </properties>
  <testcase name="testNbrChombreReserver" classname="ma.mini_projet_hotel.ChambreTest" time="0.001"/>
  <testcase name="testDerChambreLibre" classname="ma.mini_projet_hotel.ChambreTest" time="0.003"/>
  <testcase name="testNbrChombreLibre" classname="ma.mini_projet_hotel.ChambreTest" time="0"/>
  <testcase name="test" classname="ma.mini_projet_hotel.ChambreTest" time="0"/>
  <testcase name="testLibChambre" classname="ma.mini_projet_hotel.ChambreTest" time="0"/>
  <testcase name="testPreChambreLibre" classname="ma.mini_projet_hotel.ChambreTest" time="0"/>
  <testcase name="testResChambre" classname="ma.mini_projet_hotel.ChambreTest" time="0"/>
</testsuite>